2023-01-18 14:56:51,549 OCR TESTING
2023-01-18 14:56:51,549 PAGE NUMBER1 KEY VALUE VALIDATION...
2023-01-18 14:56:51,549 =============================================================
2023-01-18 14:56:51,549 KEYS COUNT NOT MATCHED... | MATCHED % : 81.82
2023-01-18 14:56:51,549 KEY Tax_Invoice_Number IS MISSING
2023-01-18 14:56:51,549 KEY Type_of_Supply IS MISSING
2023-01-18 14:56:51,549 THE KEY VALUE VALIDATION STATUS IS FAILUE...
2023-01-18 14:56:51,549 MATCHING SCORE OF EXISTING KEYS...
2023-01-18 14:56:51,549 {'Bill_Ref_Number': 100, 'Tax_Invoice_Date': 100, 'Patient_NRIC_HRN': 100, 'Visit_Date': 0, 'Visit_Bill_Location': 92, 'Payment_Class': 92, 'GST_REG_NO': 100, 'Page': 100, 'Total_Charges_Payable': 100}
2023-01-18 14:56:51,550 

2023-01-18 14:56:51,550 PAGE NUMBER1 TABLE VALIDATION...
2023-01-18 14:56:51,550 =============================================================
2023-01-18 14:56:51,550 Expected row count 30
2023-01-18 14:56:51,550 Actual row count 32
2023-01-18 14:56:51,555 MATCHING SCORE OF EACH CELL FOR THE TABLE
2023-01-18 14:56:51,555     DESCRIPTION  AMOUNT  QUANTITY  SERVICE_CODE  SUM    AVG
0           100     100       100           100  400  100.0
1           100     100       100           100  400  100.0
2           100     100       100           100  400  100.0
3           100     100       100           100  400  100.0
4           100     100       100           100  400  100.0
5           100     100       100           100  400  100.0
6           100     100       100           100  400  100.0
7            97     100       100           100  397   99.0
8           100     100       100           100  400  100.0
9           100     100       100           100  400  100.0
10          100     100       100           100  400  100.0
11            0       0       100             0  100   25.0
12           10      80         0            62  152   38.0
13           64      20         0            75  159   40.0
14           30      36       100            50  216   54.0
15           15      17       100            44  176   44.0
16           40      36       100            44  220   55.0
17           33      60       100            38  231   58.0
18           31      40       100            75  246   62.0
19           36      36       100            88  260   65.0
20           28      36         0             0   64   16.0
21            9      33         0             0   42   10.0
22          100     100       100            71  371   93.0
23          100     100       100            43  343   86.0
24          100     100       100             0  300   75.0
25          100     100       100             7  307   77.0
26          100     100       100             9  309   77.0
27          100     100       100           100  400  100.0
28           20       0       100           100  220   55.0
29          100       0       100            22  222   56.0
2023-01-18 14:56:51,563 AVG MATCHING SCORE OF THE TABLE : 72.83333333333333
2023-01-18 14:56:51,563 THE TABLE VALIDATION STATUS IS FAILUE WITH AVG ACCURACY: 72.83333333333333
2023-01-18 14:56:51,563 

2023-01-18 14:56:51,563 PAGE NUMBER1 RAW DATA VALIDATION...
2023-01-18 14:56:51,563 =============================================================
2023-01-18 14:56:51,703                                       raw_expect  ... sim_score
0                                      Singapore  ...       100
1                               General Hospital  ...       100
2                                     SingHealth  ...        80
3                                    TAX INVOICE  ...       100
4                                       ORIGINAL  ...       100
..                                           ...  ...       ...
123                   Singapore General Hospital  ...       100
124  Outram Road, Singapore 169608 Tel:6222 3322  ...       100
125     http://www.sgh.com.sg Reg No 198703907 Z  ...       100
126                     3008-23-005-A (OCT 2014)  ...       100
127                                               ...      98.8

[128 rows x 3 columns]
2023-01-18 14:56:51,710 PAGE NUMBER2 KEY VALUE VALIDATION...
2023-01-18 14:56:51,710 =============================================================
2023-01-18 14:56:51,710 KEYS COUNT NOT MATCHED... | MATCHED % : 40.0
2023-01-18 14:56:51,710 KEY Invoice No. IS MISSING
2023-01-18 14:56:51,710 KEY Our Reference IS MISSING
2023-01-18 14:56:51,710 KEY Date IS MISSING
2023-01-18 14:56:51,710 THE KEY VALUE VALIDATION STATUS IS FAILUE...
2023-01-18 14:56:51,710 MATCHING SCORE OF EXISTING KEYS...
2023-01-18 14:56:51,710 {'GST_REG_NO': 100, 'Total_Amount_Payable': 100}
2023-01-18 14:56:51,710 

2023-01-18 14:56:51,710 PAGE NUMBER2 TABLE VALIDATION...
2023-01-18 14:56:51,710 =============================================================
2023-01-18 14:56:51,711 Expected row count 17
2023-01-18 14:56:51,711 Actual row count 17
2023-01-18 14:56:51,713 MATCHING SCORE OF EACH CELL FOR THE TABLE
2023-01-18 14:56:51,713     QTY  DESCRIPTION  NET_TOTAL_FEE  UNIT_PRICE  SUM    AVG
0   100          100            100         100  400  100.0
1   100          100            100         100  400  100.0
2   100          100            100         100  400  100.0
3   100           91            100         100  391   98.0
4   100           96            100         100  396   99.0
5   100          100            100         100  400  100.0
6   100          100            100         100  400  100.0
7   100          100            100         100  400  100.0
8   100          100            100         100  400  100.0
9   100          100            100         100  400  100.0
10  100          100            100         100  400  100.0
11  100          100            100         100  400  100.0
12  100          100             52         100  352   88.0
13  100          100              0         100  300   75.0
14  100          100             64         100  364   91.0
15  100          100              0         100  300   75.0
16  100          100            100         100  400  100.0
2023-01-18 14:56:51,719 AVG MATCHING SCORE OF THE TABLE : 95.6470588235294
2023-01-18 14:56:51,719 THE TABLE VALIDATION STATUS IS FAILUE WITH AVG ACCURACY: 95.6470588235294
2023-01-18 14:56:51,720 

2023-01-18 14:56:51,720 PAGE NUMBER2 RAW DATA VALIDATION...
2023-01-18 14:56:51,720 =============================================================
2023-01-18 14:56:51,746                                            raw_expect  ... sim_score
0                                     (Page 20 of 20)  ...        97
1                                   The Gancer Centre  ...       100
2   290 Orchard.Road #17-05/0e Paragon Singapore 2...  ...       100
3                          Tel 6835 1000 Fax6235 2261  ...       100
4                             GST Reg No : 200723619G  ...       100
..                                                ...  ...       ...
91                                             E.&0.E  ...       100
92                                           RECEIVED  ...       100
93                                       1 0 APR 2017  ...        75
94                              Med Cim Regn (Changi)  ...       100
95                                                     ...     98.78

[96 rows x 3 columns]
